Started GET "/" for ::1 at 2021-11-26 05:56:26 +0200
Started GET "/users" for ::1 at 2021-11-26 05:56:26 +0200
  
ActiveRecord::NoDatabaseError (connection to server on socket "/var/run/postgresql/.s.PGSQL.5432" failed: FATAL:  database "merchant_development" does not exist
):
  
activerecord (6.1.4.1) lib/active_record/connection_adapters/postgresql_adapter.rb:81:in `rescue in new_client'
activerecord (6.1.4.1) lib/active_record/connection_adapters/postgresql_adapter.rb:77:in `new_client'
activerecord (6.1.4.1) lib/active_record/connection_adapters/postgresql_adapter.rb:37:in `postgresql_connection'
activerecord (6.1.4.1) lib/active_record/connection_adapters/abstract/connection_pool.rb:882:in `public_send'
activerecord (6.1.4.1) lib/active_record/connection_adapters/abstract/connection_pool.rb:882:in `new_connection'
activerecord (6.1.4.1) lib/active_record/connection_adapters/abstract/connection_pool.rb:926:in `checkout_new_connection'
activerecord (6.1.4.1) lib/active_record/connection_adapters/abstract/connection_pool.rb:905:in `try_to_checkout_new_connection'
activerecord (6.1.4.1) lib/active_record/connection_adapters/abstract/connection_pool.rb:866:in `acquire_connection'
activerecord (6.1.4.1) lib/active_record/connection_adapters/abstract/connection_pool.rb:588:in `checkout'
activerecord (6.1.4.1) lib/active_record/connection_adapters/abstract/connection_pool.rb:428:in `connection'
activerecord (6.1.4.1) lib/active_record/connection_adapters/abstract/connection_pool.rb:1128:in `retrieve_connection'
activerecord (6.1.4.1) lib/active_record/connection_handling.rb:327:in `retrieve_connection'
activerecord (6.1.4.1) lib/active_record/connection_handling.rb:283:in `connection'
activerecord (6.1.4.1) lib/active_record/migration.rb:611:in `connection'
activerecord (6.1.4.1) lib/active_record/migration.rb:606:in `build_watcher'
activerecord (6.1.4.1) lib/active_record/migration.rb:588:in `block in call'
activerecord (6.1.4.1) lib/active_record/migration.rb:587:in `synchronize'
activerecord (6.1.4.1) lib/active_record/migration.rb:587:in `call'
actionpack (6.1.4.1) lib/action_dispatch/middleware/callbacks.rb:27:in `block in call'
activesupport (6.1.4.1) lib/active_support/callbacks.rb:98:in `run_callbacks'
actionpack (6.1.4.1) lib/action_dispatch/middleware/callbacks.rb:26:in `call'
actionpack (6.1.4.1) lib/action_dispatch/middleware/executor.rb:14:in `call'
actionpack (6.1.4.1) lib/action_dispatch/middleware/actionable_exceptions.rb:18:in `call'
actionpack (6.1.4.1) lib/action_dispatch/middleware/debug_exceptions.rb:29:in `call'
web-console (4.2.0) lib/web_console/middleware.rb:132:in `call_app'
web-console (4.2.0) lib/web_console/middleware.rb:28:in `block in call'
web-console (4.2.0) lib/web_console/middleware.rb:17:in `catch'
web-console (4.2.0) lib/web_console/middleware.rb:17:in `call'
actionpack (6.1.4.1) lib/action_dispatch/middleware/show_exceptions.rb:33:in `call'
railties (6.1.4.1) lib/rails/rack/logger.rb:37:in `call_app'
railties (6.1.4.1) lib/rails/rack/logger.rb:26:in `block in call'
activesupport (6.1.4.1) lib/active_support/tagged_logging.rb:99:in `block in tagged'
activesupport (6.1.4.1) lib/active_support/tagged_logging.rb:37:in `tagged'
activesupport (6.1.4.1) lib/active_support/tagged_logging.rb:99:in `tagged'
railties (6.1.4.1) lib/rails/rack/logger.rb:26:in `call'
sprockets-rails (3.4.1) lib/sprockets/rails/quiet_assets.rb:13:in `call'
actionpack (6.1.4.1) lib/action_dispatch/middleware/remote_ip.rb:81:in `call'
actionpack (6.1.4.1) lib/action_dispatch/middleware/request_id.rb:26:in `call'
rack (2.2.3) lib/rack/method_override.rb:24:in `call'
rack (2.2.3) lib/rack/runtime.rb:22:in `call'
activesupport (6.1.4.1) lib/active_support/cache/strategy/local_cache_middleware.rb:29:in `call'
actionpack (6.1.4.1) lib/action_dispatch/middleware/executor.rb:14:in `call'
actionpack (6.1.4.1) lib/action_dispatch/middleware/static.rb:24:in `call'
rack (2.2.3) lib/rack/sendfile.rb:110:in `call'
actionpack (6.1.4.1) lib/action_dispatch/middleware/host_authorization.rb:98:in `call'
rack-mini-profiler (2.3.3) lib/mini_profiler/profiler.rb:393:in `call'
webpacker (5.4.3) lib/webpacker/dev_server_proxy.rb:25:in `perform_request'
rack-proxy (0.7.0) lib/rack/proxy.rb:63:in `call'
railties (6.1.4.1) lib/rails/engine.rb:539:in `call'
puma (5.5.2) lib/puma/configuration.rb:249:in `call'
puma (5.5.2) lib/puma/request.rb:77:in `block in handle_request'
puma (5.5.2) lib/puma/thread_pool.rb:340:in `with_force_shutdown'
puma (5.5.2) lib/puma/request.rb:76:in `handle_request'
puma (5.5.2) lib/puma/server.rb:447:in `process_client'
puma (5.5.2) lib/puma/thread_pool.rb:147:in `block in spawn_thread'
  
ActiveRecord::NoDatabaseError (connection to server on socket "/var/run/postgresql/.s.PGSQL.5432" failed: FATAL:  database "merchant_development" does not exist
):
  
activerecord (6.1.4.1) lib/active_record/connection_adapters/postgresql_adapter.rb:81:in `rescue in new_client'
activerecord (6.1.4.1) lib/active_record/connection_adapters/postgresql_adapter.rb:77:in `new_client'
activerecord (6.1.4.1) lib/active_record/connection_adapters/postgresql_adapter.rb:37:in `postgresql_connection'
activerecord (6.1.4.1) lib/active_record/connection_adapters/abstract/connection_pool.rb:882:in `public_send'
activerecord (6.1.4.1) lib/active_record/connection_adapters/abstract/connection_pool.rb:882:in `new_connection'
activerecord (6.1.4.1) lib/active_record/connection_adapters/abstract/connection_pool.rb:926:in `checkout_new_connection'
activerecord (6.1.4.1) lib/active_record/connection_adapters/abstract/connection_pool.rb:905:in `try_to_checkout_new_connection'
activerecord (6.1.4.1) lib/active_record/connection_adapters/abstract/connection_pool.rb:866:in `acquire_connection'
activerecord (6.1.4.1) lib/active_record/connection_adapters/abstract/connection_pool.rb:588:in `checkout'
activerecord (6.1.4.1) lib/active_record/connection_adapters/abstract/connection_pool.rb:428:in `connection'
activerecord (6.1.4.1) lib/active_record/connection_adapters/abstract/connection_pool.rb:1128:in `retrieve_connection'
activerecord (6.1.4.1) lib/active_record/connection_handling.rb:327:in `retrieve_connection'
activerecord (6.1.4.1) lib/active_record/connection_handling.rb:283:in `connection'
activerecord (6.1.4.1) lib/active_record/migration.rb:611:in `connection'
activerecord (6.1.4.1) lib/active_record/migration.rb:606:in `build_watcher'
activerecord (6.1.4.1) lib/active_record/migration.rb:588:in `block in call'
activerecord (6.1.4.1) lib/active_record/migration.rb:587:in `synchronize'
activerecord (6.1.4.1) lib/active_record/migration.rb:587:in `call'
actionpack (6.1.4.1) lib/action_dispatch/middleware/callbacks.rb:27:in `block in call'
activesupport (6.1.4.1) lib/active_support/callbacks.rb:98:in `run_callbacks'
actionpack (6.1.4.1) lib/action_dispatch/middleware/callbacks.rb:26:in `call'
actionpack (6.1.4.1) lib/action_dispatch/middleware/executor.rb:14:in `call'
actionpack (6.1.4.1) lib/action_dispatch/middleware/actionable_exceptions.rb:18:in `call'
actionpack (6.1.4.1) lib/action_dispatch/middleware/debug_exceptions.rb:29:in `call'
web-console (4.2.0) lib/web_console/middleware.rb:132:in `call_app'
web-console (4.2.0) lib/web_console/middleware.rb:28:in `block in call'
web-console (4.2.0) lib/web_console/middleware.rb:17:in `catch'
web-console (4.2.0) lib/web_console/middleware.rb:17:in `call'
actionpack (6.1.4.1) lib/action_dispatch/middleware/show_exceptions.rb:33:in `call'
railties (6.1.4.1) lib/rails/rack/logger.rb:37:in `call_app'
railties (6.1.4.1) lib/rails/rack/logger.rb:26:in `block in call'
activesupport (6.1.4.1) lib/active_support/tagged_logging.rb:99:in `block in tagged'
activesupport (6.1.4.1) lib/active_support/tagged_logging.rb:37:in `tagged'
activesupport (6.1.4.1) lib/active_support/tagged_logging.rb:99:in `tagged'
railties (6.1.4.1) lib/rails/rack/logger.rb:26:in `call'
sprockets-rails (3.4.1) lib/sprockets/rails/quiet_assets.rb:13:in `call'
actionpack (6.1.4.1) lib/action_dispatch/middleware/remote_ip.rb:81:in `call'
actionpack (6.1.4.1) lib/action_dispatch/middleware/request_id.rb:26:in `call'
rack (2.2.3) lib/rack/method_override.rb:24:in `call'
rack (2.2.3) lib/rack/runtime.rb:22:in `call'
activesupport (6.1.4.1) lib/active_support/cache/strategy/local_cache_middleware.rb:29:in `call'
actionpack (6.1.4.1) lib/action_dispatch/middleware/executor.rb:14:in `call'
actionpack (6.1.4.1) lib/action_dispatch/middleware/static.rb:24:in `call'
rack (2.2.3) lib/rack/sendfile.rb:110:in `call'
actionpack (6.1.4.1) lib/action_dispatch/middleware/host_authorization.rb:98:in `call'
rack-mini-profiler (2.3.3) lib/mini_profiler/profiler.rb:393:in `call'
webpacker (5.4.3) lib/webpacker/dev_server_proxy.rb:25:in `perform_request'
rack-proxy (0.7.0) lib/rack/proxy.rb:63:in `call'
railties (6.1.4.1) lib/rails/engine.rb:539:in `call'
puma (5.5.2) lib/puma/configuration.rb:249:in `call'
puma (5.5.2) lib/puma/request.rb:77:in `block in handle_request'
puma (5.5.2) lib/puma/thread_pool.rb:340:in `with_force_shutdown'
puma (5.5.2) lib/puma/request.rb:76:in `handle_request'
puma (5.5.2) lib/puma/server.rb:447:in `process_client'
puma (5.5.2) lib/puma/thread_pool.rb:147:in `block in spawn_thread'
  [1m[35m (10204.8ms)[0m  [1m[35mCREATE DATABASE "merchant_development" ENCODING = 'unicode'[0m
  [1m[35m (1708.4ms)[0m  [1m[35mCREATE DATABASE "merchant_test" ENCODING = 'unicode'[0m
Started GET "/" for ::1 at 2021-11-26 05:57:24 +0200
Processing by Rails::WelcomeController#index as HTML
  Rendering /home/oksana/.rbenv/versions/2.7.2/lib/ruby/gems/2.7.0/gems/railties-6.1.4.1/lib/rails/templates/rails/welcome/index.html.erb
  Rendered /home/oksana/.rbenv/versions/2.7.2/lib/ruby/gems/2.7.0/gems/railties-6.1.4.1/lib/rails/templates/rails/welcome/index.html.erb (Duration: 31.7ms | Allocations: 336)
Completed 200 OK in 77ms (Views: 34.3ms | ActiveRecord: 0.0ms | Allocations: 2838)


  [1m[35m (809.5ms)[0m  [1m[35mCREATE TABLE "schema_migrations" ("version" character varying NOT NULL PRIMARY KEY)[0m
  [1m[35m (174.5ms)[0m  [1m[35mCREATE TABLE "ar_internal_metadata" ("key" character varying NOT NULL PRIMARY KEY, "value" character varying, "created_at" timestamp(6) NOT NULL, "updated_at" timestamp(6) NOT NULL)[0m
  [1m[35m (0.4ms)[0m  [1m[34mSELECT pg_try_advisory_lock(2425540704361348245)[0m
  [1m[35m (0.8ms)[0m  [1m[34mSELECT "schema_migrations"."version" FROM "schema_migrations" ORDER BY "schema_migrations"."version" ASC[0m
Migrating to CreateProducts (20211126035925)
  [1m[36mTRANSACTION (0.2ms)[0m  [1m[35mBEGIN[0m
  [1m[35m (225.3ms)[0m  [1m[35mCREATE TABLE "products" ("id" bigserial primary key, "title" character varying, "price" decimal(8,2), "description" text, "image_url" character varying, "created_at" timestamp(6) NOT NULL, "updated_at" timestamp(6) NOT NULL)[0m
  [1m[36mActiveRecord::SchemaMigration Create (41.0ms)[0m  [1m[32mINSERT INTO "schema_migrations" ("version") VALUES ($1) RETURNING "version"[0m  [["version", "20211126035925"]]
  [1m[36mTRANSACTION (34.6ms)[0m  [1m[35mCOMMIT[0m
  [1m[36mActiveRecord::InternalMetadata Load (0.5ms)[0m  [1m[34mSELECT "ar_internal_metadata".* FROM "ar_internal_metadata" WHERE "ar_internal_metadata"."key" = $1 LIMIT $2[0m  [["key", "environment"], ["LIMIT", 1]]
  [1m[36mTRANSACTION (0.3ms)[0m  [1m[35mBEGIN[0m
  [1m[36mActiveRecord::InternalMetadata Create (15.5ms)[0m  [1m[32mINSERT INTO "ar_internal_metadata" ("key", "value", "created_at", "updated_at") VALUES ($1, $2, $3, $4) RETURNING "key"[0m  [["key", "environment"], ["value", "development"], ["created_at", "2021-11-26 04:02:35.720704"], ["updated_at", "2021-11-26 04:02:35.720704"]]
  [1m[36mTRANSACTION (18.5ms)[0m  [1m[35mCOMMIT[0m
  [1m[35m (0.6ms)[0m  [1m[34mSELECT pg_advisory_unlock(2425540704361348245)[0m
  [1m[35m (0.8ms)[0m  [1m[34mSELECT "schema_migrations"."version" FROM "schema_migrations" ORDER BY "schema_migrations"."version" ASC[0m
Started GET "/" for ::1 at 2021-11-26 06:03:15 +0200
  [1m[35m (1.8ms)[0m  [1m[34mSELECT "schema_migrations"."version" FROM "schema_migrations" ORDER BY "schema_migrations"."version" ASC[0m
Processing by Rails::WelcomeController#index as HTML
  Rendering /home/oksana/.rbenv/versions/2.7.2/lib/ruby/gems/2.7.0/gems/railties-6.1.4.1/lib/rails/templates/rails/welcome/index.html.erb
  Rendered /home/oksana/.rbenv/versions/2.7.2/lib/ruby/gems/2.7.0/gems/railties-6.1.4.1/lib/rails/templates/rails/welcome/index.html.erb (Duration: 7.1ms | Allocations: 222)
Completed 200 OK in 11ms (Views: 9.4ms | ActiveRecord: 0.0ms | Allocations: 834)


Started GET "/" for ::1 at 2021-11-26 06:03:17 +0200
Processing by Rails::WelcomeController#index as HTML
  Rendering /home/oksana/.rbenv/versions/2.7.2/lib/ruby/gems/2.7.0/gems/railties-6.1.4.1/lib/rails/templates/rails/welcome/index.html.erb
  Rendered /home/oksana/.rbenv/versions/2.7.2/lib/ruby/gems/2.7.0/gems/railties-6.1.4.1/lib/rails/templates/rails/welcome/index.html.erb (Duration: 0.6ms | Allocations: 48)
Completed 200 OK in 2ms (Views: 1.6ms | ActiveRecord: 0.0ms | Allocations: 340)


Started GET "/products" for ::1 at 2021-11-26 06:03:27 +0200
Processing by ProductsController#index as HTML
  Rendering layout layouts/application.html.erb
  Rendering products/index.html.erb within layouts/application
  [1m[36mProduct Load (2.5ms)[0m  [1m[34mSELECT "products".* FROM "products"[0m
  ↳ app/views/products/index.html.erb:17
  Rendered products/index.html.erb within layouts/application (Duration: 9.9ms | Allocations: 1318)
[Webpacker] Compiling...
[Webpacker] Compiled all packs in /home/oksana/merchant/public/packs
[Webpacker] Hash: e2f281de3ea1fdc4fa5a
Version: webpack 4.46.0
Time: 3610ms
Built at: 11/26/2021 6:03:39 AM
                                     Asset       Size       Chunks                         Chunk Names
    js/application-be412d64645010827f4e.js    125 KiB  application  [emitted] [immutable]  application
js/application-be412d64645010827f4e.js.map    139 KiB  application  [emitted] [dev]        application
                             manifest.json  364 bytes               [emitted]              
Entrypoint application = js/application-be412d64645010827f4e.js js/application-be412d64645010827f4e.js.map
[./app/javascript/channels sync recursive _channel\.js$] ./app/javascript/channels sync _channel\.js$ 160 bytes {application} [built]
[./app/javascript/channels/index.js] 211 bytes {application} [built]
[./app/javascript/packs/application.js] 492 bytes {application} [built]
[./node_modules/webpack/buildin/module.js] (webpack)/buildin/module.js 552 bytes {application} [built]
    + 3 hidden modules

  Rendered layout layouts/application.html.erb (Duration: 12241.5ms | Allocations: 20404)
Completed 200 OK in 12297ms (Views: 12288.9ms | ActiveRecord: 2.5ms | Allocations: 21810)


Started GET "/products/new" for ::1 at 2021-11-26 06:14:03 +0200
Processing by ProductsController#new as HTML
  Rendering layout layouts/application.html.erb
  Rendering products/new.html.erb within layouts/application
  Rendered products/_form.html.erb (Duration: 1187.7ms | Allocations: 7056)
  Rendered products/new.html.erb within layouts/application (Duration: 1189.6ms | Allocations: 7400)
[Webpacker] Everything's up-to-date. Nothing to do
  Rendered layout layouts/application.html.erb (Duration: 1198.3ms | Allocations: 10281)
Completed 200 OK in 1419ms (Views: 1203.4ms | ActiveRecord: 118.9ms | Allocations: 18060)


Started GET "/products/new" for ::1 at 2021-11-26 06:14:05 +0200
Processing by ProductsController#new as HTML
  Rendering layout layouts/application.html.erb
  Rendering products/new.html.erb within layouts/application
  Rendered products/_form.html.erb (Duration: 4.4ms | Allocations: 1039)
  Rendered products/new.html.erb within layouts/application (Duration: 5.5ms | Allocations: 1144)
[Webpacker] Everything's up-to-date. Nothing to do
  Rendered layout layouts/application.html.erb (Duration: 20.4ms | Allocations: 4123)
Completed 200 OK in 23ms (Views: 21.2ms | ActiveRecord: 0.0ms | Allocations: 4530)


Started POST "/products" for ::1 at 2021-11-26 06:14:49 +0200
Processing by ProductsController#create as HTML
  Parameters: {"authenticity_token"=>"[FILTERED]", "product"=>{"title"=>"Green Grapes (1 bunch)", "price"=>"2.00", "description"=>"1 bunch of approximately 80 green grapes.", "image_url"=>"green_grapes.jpg"}, "commit"=>"Create Product"}
  [1m[36mTRANSACTION (1.3ms)[0m  [1m[35mBEGIN[0m
  ↳ app/controllers/products_controller.rb:27:in `block in create'
  [1m[36mProduct Create (3.8ms)[0m  [1m[32mINSERT INTO "products" ("title", "price", "description", "image_url", "created_at", "updated_at") VALUES ($1, $2, $3, $4, $5, $6) RETURNING "id"[0m  [["title", "Green Grapes (1 bunch)"], ["price", "2.0"], ["description", "1 bunch of approximately 80 green grapes."], ["image_url", "green_grapes.jpg"], ["created_at", "2021-11-26 04:14:49.336784"], ["updated_at", "2021-11-26 04:14:49.336784"]]
  ↳ app/controllers/products_controller.rb:27:in `block in create'
  [1m[36mTRANSACTION (143.8ms)[0m  [1m[35mCOMMIT[0m
  ↳ app/controllers/products_controller.rb:27:in `block in create'
Redirected to http://localhost:3000/products/1
Completed 302 Found in 190ms (ActiveRecord: 148.9ms | Allocations: 2952)


Started GET "/products/1" for ::1 at 2021-11-26 06:14:49 +0200
Processing by ProductsController#show as HTML
  Parameters: {"id"=>"1"}
  [1m[36mProduct Load (1.6ms)[0m  [1m[34mSELECT "products".* FROM "products" WHERE "products"."id" = $1 LIMIT $2[0m  [["id", 1], ["LIMIT", 1]]
  ↳ app/controllers/products_controller.rb:62:in `set_product'
  Rendering layout layouts/application.html.erb
  Rendering products/show.html.erb within layouts/application
  Rendered products/show.html.erb within layouts/application (Duration: 1.8ms | Allocations: 319)
[Webpacker] Everything's up-to-date. Nothing to do
  Rendered layout layouts/application.html.erb (Duration: 11.4ms | Allocations: 3242)
Completed 200 OK in 37ms (Views: 12.4ms | ActiveRecord: 3.3ms | Allocations: 6876)


Started GET "/products" for ::1 at 2021-11-26 06:15:03 +0200
Processing by ProductsController#index as HTML
  Rendering layout layouts/application.html.erb
  Rendering products/index.html.erb within layouts/application
  [1m[36mProduct Load (2.3ms)[0m  [1m[34mSELECT "products".* FROM "products"[0m
  ↳ app/views/products/index.html.erb:17
  Rendered products/index.html.erb within layouts/application (Duration: 8.2ms | Allocations: 1021)
[Webpacker] Everything's up-to-date. Nothing to do
  Rendered layout layouts/application.html.erb (Duration: 19.1ms | Allocations: 4013)
Completed 200 OK in 21ms (Views: 17.9ms | ActiveRecord: 2.3ms | Allocations: 4422)


Started GET "/products/new" for ::1 at 2021-11-26 06:15:07 +0200
Processing by ProductsController#new as HTML
  Rendering layout layouts/application.html.erb
  Rendering products/new.html.erb within layouts/application
  Rendered products/_form.html.erb (Duration: 4.2ms | Allocations: 1041)
  Rendered products/new.html.erb within layouts/application (Duration: 4.9ms | Allocations: 1146)
[Webpacker] Everything's up-to-date. Nothing to do
  Rendered layout layouts/application.html.erb (Duration: 16.0ms | Allocations: 4129)
Completed 200 OK in 21ms (Views: 19.7ms | ActiveRecord: 0.0ms | Allocations: 5229)


Started POST "/products" for ::1 at 2021-11-26 06:15:37 +0200
Processing by ProductsController#create as HTML
  Parameters: {"authenticity_token"=>"[FILTERED]", "product"=>{"title"=>"Purple Grapes (1 bunch)", "price"=>"2.25", "description"=>" 1 bunch of approximately 90 purple grapes.", "image_url"=>"purple_grapes.jpg"}, "commit"=>"Create Product"}
  [1m[36mTRANSACTION (1.6ms)[0m  [1m[35mBEGIN[0m
  ↳ app/controllers/products_controller.rb:27:in `block in create'
  [1m[36mProduct Create (1.8ms)[0m  [1m[32mINSERT INTO "products" ("title", "price", "description", "image_url", "created_at", "updated_at") VALUES ($1, $2, $3, $4, $5, $6) RETURNING "id"[0m  [["title", "Purple Grapes (1 bunch)"], ["price", "2.25"], ["description", " 1 bunch of approximately 90 purple grapes."], ["image_url", "purple_grapes.jpg"], ["created_at", "2021-11-26 04:15:37.478804"], ["updated_at", "2021-11-26 04:15:37.478804"]]
  ↳ app/controllers/products_controller.rb:27:in `block in create'
  [1m[36mTRANSACTION (59.9ms)[0m  [1m[35mCOMMIT[0m
  ↳ app/controllers/products_controller.rb:27:in `block in create'
Redirected to http://localhost:3000/products/2
Completed 302 Found in 73ms (ActiveRecord: 63.3ms | Allocations: 2710)


Started GET "/products/2" for ::1 at 2021-11-26 06:15:37 +0200
Processing by ProductsController#show as HTML
  Parameters: {"id"=>"2"}
  [1m[36mProduct Load (1.5ms)[0m  [1m[34mSELECT "products".* FROM "products" WHERE "products"."id" = $1 LIMIT $2[0m  [["id", 2], ["LIMIT", 1]]
  ↳ app/controllers/products_controller.rb:62:in `set_product'
  Rendering layout layouts/application.html.erb
  Rendering products/show.html.erb within layouts/application
  Rendered products/show.html.erb within layouts/application (Duration: 0.6ms | Allocations: 111)
[Webpacker] Everything's up-to-date. Nothing to do
  Rendered layout layouts/application.html.erb (Duration: 7.8ms | Allocations: 3092)
Completed 200 OK in 14ms (Views: 8.6ms | ActiveRecord: 1.5ms | Allocations: 4184)


Started GET "/products" for ::1 at 2021-11-26 06:15:41 +0200
Processing by ProductsController#index as HTML
  Rendering layout layouts/application.html.erb
  Rendering products/index.html.erb within layouts/application
  [1m[36mProduct Load (1.5ms)[0m  [1m[34mSELECT "products".* FROM "products"[0m
  ↳ app/views/products/index.html.erb:17
  Rendered products/index.html.erb within layouts/application (Duration: 11.7ms | Allocations: 1123)
[Webpacker] Everything's up-to-date. Nothing to do
  Rendered layout layouts/application.html.erb (Duration: 28.0ms | Allocations: 4801)
Completed 200 OK in 31ms (Views: 28.5ms | ActiveRecord: 1.5ms | Allocations: 5195)


Started GET "/products/1" for ::1 at 2021-11-26 06:16:15 +0200
Processing by ProductsController#show as HTML
  Parameters: {"id"=>"1"}
  [1m[36mProduct Load (1.9ms)[0m  [1m[34mSELECT "products".* FROM "products" WHERE "products"."id" = $1 LIMIT $2[0m  [["id", 1], ["LIMIT", 1]]
  ↳ app/controllers/products_controller.rb:62:in `set_product'
  Rendering layout layouts/application.html.erb
  Rendering products/show.html.erb within layouts/application
  Rendered products/show.html.erb within layouts/application (Duration: 4.0ms | Allocations: 109)
[Webpacker] Everything's up-to-date. Nothing to do
  Rendered layout layouts/application.html.erb (Duration: 13.6ms | Allocations: 3096)
Completed 200 OK in 22ms (Views: 14.5ms | ActiveRecord: 1.9ms | Allocations: 4181)


Started GET "/products" for ::1 at 2021-11-26 06:16:18 +0200
Processing by ProductsController#index as HTML
  Rendering layout layouts/application.html.erb
  Rendering products/index.html.erb within layouts/application
  [1m[36mProduct Load (1.5ms)[0m  [1m[34mSELECT "products".* FROM "products"[0m
  ↳ app/views/products/index.html.erb:17
  Rendered products/index.html.erb within layouts/application (Duration: 6.9ms | Allocations: 1123)
[Webpacker] Everything's up-to-date. Nothing to do
  Rendered layout layouts/application.html.erb (Duration: 15.6ms | Allocations: 4101)
Completed 200 OK in 18ms (Views: 15.1ms | ActiveRecord: 1.5ms | Allocations: 4496)


Started GET "/products" for ::1 at 2021-11-26 06:22:33 +0200
Processing by ProductsController#index as HTML
  Rendering layout layouts/application.html.erb
  Rendering products/index.html.erb within layouts/application
  [1m[36mProduct Load (1.8ms)[0m  [1m[34mSELECT "products".* FROM "products"[0m
  ↳ app/views/products/index.html.erb:17
  Rendered products/index.html.erb within layouts/application (Duration: 52.9ms | Allocations: 7532)
[Webpacker] Everything's up-to-date. Nothing to do
  Rendered layout layouts/application.html.erb (Duration: 61.6ms | Allocations: 10690)
Completed 200 OK in 108ms (Views: 104.7ms | ActiveRecord: 22.6ms | Allocations: 12101)


Started GET "/products" for ::1 at 2021-11-26 06:22:37 +0200
Processing by ProductsController#index as HTML
  Rendering layout layouts/application.html.erb
  Rendering products/index.html.erb within layouts/application
  [1m[36mProduct Load (1.4ms)[0m  [1m[34mSELECT "products".* FROM "products"[0m
  ↳ app/views/products/index.html.erb:17
  Rendered products/index.html.erb within layouts/application (Duration: 8.4ms | Allocations: 1138)
[Webpacker] Everything's up-to-date. Nothing to do
  Rendered layout layouts/application.html.erb (Duration: 17.7ms | Allocations: 4124)
Completed 200 OK in 22ms (Views: 18.0ms | ActiveRecord: 1.4ms | Allocations: 4522)


Started GET "/products/1" for ::1 at 2021-11-26 06:22:47 +0200
Processing by ProductsController#show as HTML
  Parameters: {"id"=>"1"}
  [1m[36mProduct Load (1.4ms)[0m  [1m[34mSELECT "products".* FROM "products" WHERE "products"."id" = $1 LIMIT $2[0m  [["id", 1], ["LIMIT", 1]]
  ↳ app/controllers/products_controller.rb:61:in `set_product'
  Rendering layout layouts/application.html.erb
  Rendering products/show.html.erb within layouts/application
  Rendered products/show.html.erb within layouts/application (Duration: 1.2ms | Allocations: 309)
[Webpacker] Everything's up-to-date. Nothing to do
  Rendered layout layouts/application.html.erb (Duration: 11.0ms | Allocations: 3884)
Completed 200 OK in 21ms (Views: 11.9ms | ActiveRecord: 2.8ms | Allocations: 5363)


Started GET "/products" for ::1 at 2021-11-26 06:23:11 +0200
Processing by ProductsController#index as HTML
  Rendering layout layouts/application.html.erb
  Rendering products/index.html.erb within layouts/application
  [1m[36mProduct Load (3.4ms)[0m  [1m[34mSELECT "products".* FROM "products"[0m
  ↳ app/views/products/index.html.erb:17
  Rendered products/index.html.erb within layouts/application (Duration: 14.1ms | Allocations: 1126)
[Webpacker] Everything's up-to-date. Nothing to do
  Rendered layout layouts/application.html.erb (Duration: 25.6ms | Allocations: 4105)
Completed 200 OK in 28ms (Views: 23.2ms | ActiveRecord: 3.4ms | Allocations: 4502)


Started GET "/products/new" for ::1 at 2021-11-26 06:23:12 +0200
Processing by ProductsController#new as HTML
  Rendering layout layouts/application.html.erb
  Rendering products/new.html.erb within layouts/application
  Rendered products/_form.html.erb (Duration: 6.2ms | Allocations: 1411)
  Rendered products/new.html.erb within layouts/application (Duration: 9.4ms | Allocations: 1748)
[Webpacker] Everything's up-to-date. Nothing to do
  Rendered layout layouts/application.html.erb (Duration: 16.9ms | Allocations: 4727)
Completed 200 OK in 20ms (Views: 18.4ms | ActiveRecord: 0.0ms | Allocations: 5250)


Started GET "/products/new" for ::1 at 2021-11-26 06:27:22 +0200
Processing by ProductsController#new as HTML
  Rendering layout layouts/application.html.erb
  Rendering products/new.html.erb within layouts/application
  Rendered products/_form.html.erb (Duration: 3.2ms | Allocations: 1406)
  Rendered products/new.html.erb within layouts/application (Duration: 5.1ms | Allocations: 1742)
[Webpacker] Everything's up-to-date. Nothing to do
  Rendered layout layouts/application.html.erb (Duration: 201.6ms | Allocations: 13838)
Completed 200 OK in 207ms (Views: 204.4ms | ActiveRecord: 0.0ms | Allocations: 14939)


Started GET "/products" for ::1 at 2021-11-26 06:27:32 +0200
Processing by ProductsController#index as HTML
  Rendering layout layouts/application.html.erb
  Rendering products/index.html.erb within layouts/application
  [1m[36mProduct Load (1.5ms)[0m  [1m[34mSELECT "products".* FROM "products"[0m
  ↳ app/views/products/index.html.erb:17
  Rendered products/index.html.erb within layouts/application (Duration: 7.5ms | Allocations: 1396)
[Webpacker] Everything's up-to-date. Nothing to do
  Rendered layout layouts/application.html.erb (Duration: 17.7ms | Allocations: 4441)
Completed 200 OK in 23ms (Views: 19.9ms | ActiveRecord: 1.5ms | Allocations: 4967)


Started GET "/products" for ::1 at 2021-11-26 06:30:26 +0200
Processing by ProductsController#index as HTML
  Rendering layout layouts/application.html.erb
  Rendering products/index.html.erb within layouts/application
  [1m[36mProduct Load (2.7ms)[0m  [1m[34mSELECT "products".* FROM "products"[0m
  ↳ app/views/products/index.html.erb:17
  Rendered products/index.html.erb within layouts/application (Duration: 11.3ms | Allocations: 1123)
[Webpacker] Everything's up-to-date. Nothing to do
  Rendered layout layouts/application.html.erb (Duration: 98.1ms | Allocations: 13188)
Completed 200 OK in 100ms (Views: 96.4ms | ActiveRecord: 2.7ms | Allocations: 13582)


Started GET "/products" for ::1 at 2021-11-26 06:30:42 +0200
Processing by ProductsController#index as HTML
  Rendering layout layouts/application.html.erb
  Rendering products/index.html.erb within layouts/application
  [1m[36mProduct Load (1.9ms)[0m  [1m[34mSELECT "products".* FROM "products"[0m
  ↳ app/views/products/index.html.erb:17
  Rendered products/index.html.erb within layouts/application (Duration: 7.7ms | Allocations: 1123)
[Webpacker] Everything's up-to-date. Nothing to do
  Rendered layout layouts/application.html.erb (Duration: 19.2ms | Allocations: 4209)
Completed 200 OK in 22ms (Views: 18.7ms | ActiveRecord: 1.9ms | Allocations: 4600)


Started GET "/products" for ::1 at 2021-11-26 06:31:33 +0200
Processing by ProductsController#index as HTML
  Rendering layout layouts/application.html.erb
  Rendering products/index.html.erb within layouts/application
  [1m[36mProduct Load (1.3ms)[0m  [1m[34mSELECT "products".* FROM "products"[0m
  ↳ app/views/products/index.html.erb:17
  Rendered products/index.html.erb within layouts/application (Duration: 7.8ms | Allocations: 1395)
[Webpacker] Everything's up-to-date. Nothing to do
  Rendered layout layouts/application.html.erb (Duration: 18.5ms | Allocations: 4658)
Completed 200 OK in 23ms (Views: 19.8ms | ActiveRecord: 1.3ms | Allocations: 5764)


Started GET "/products" for ::1 at 2021-11-26 06:31:54 +0200
Processing by ProductsController#index as HTML
  Rendering layout layouts/application.html.erb
  Rendering products/index.html.erb within layouts/application
  [1m[36mProduct Load (2.2ms)[0m  [1m[34mSELECT "products".* FROM "products"[0m
  ↳ app/views/products/index.html.erb:17
  Rendered products/index.html.erb within layouts/application (Duration: 11.1ms | Allocations: 1394)
[Webpacker] Everything's up-to-date. Nothing to do
  Rendered layout layouts/application.html.erb (Duration: 25.0ms | Allocations: 4657)
Completed 200 OK in 28ms (Views: 24.6ms | ActiveRecord: 2.2ms | Allocations: 5758)


Started GET "/products" for ::1 at 2021-11-26 06:32:36 +0200
Processing by ProductsController#index as HTML
  Rendering layout layouts/application.html.erb
  Rendering products/index.html.erb within layouts/application
  [1m[36mProduct Load (1.1ms)[0m  [1m[34mSELECT "products".* FROM "products"[0m
  ↳ app/views/products/index.html.erb:17
  Rendered products/index.html.erb within layouts/application (Duration: 11.9ms | Allocations: 1132)
[Webpacker] Everything's up-to-date. Nothing to do
  Rendered layout layouts/application.html.erb (Duration: 25.6ms | Allocations: 4217)
Completed 200 OK in 28ms (Views: 25.4ms | ActiveRecord: 1.1ms | Allocations: 4610)


Started GET "/products" for ::1 at 2021-11-26 06:34:57 +0200
Processing by ProductsController#index as HTML
  Rendering layout layouts/application.html.erb
  Rendering products/index.html.erb within layouts/application
  [1m[36mProduct Load (3.3ms)[0m  [1m[34mSELECT "products".* FROM "products"[0m
  ↳ app/views/products/index.html.erb:17
  Rendered products/index.html.erb within layouts/application (Duration: 173.5ms | Allocations: 4786)
  Rendered layout layouts/application.html.erb (Duration: 174.0ms | Allocations: 4850)
Completed 500 Internal Server Error in 178ms (ActiveRecord: 3.3ms | Allocations: 5933)


  
ActionView::Template::Error (The asset "products/green_grapes.jpg" is not present in the asset pipeline.
):
    16:   <tbody>
    17:     <% @products.each do |product| %>
    18:       <tr>
    19:         <td><%= image_tag "products/#{product.image_url}" %></td>
    20:         <td><span class="product_title"><%= product.title %></span><%= product.description %></td>
    21:         <td><%= product.price %></td>
    22:         
  
app/views/products/index.html.erb:19
app/views/products/index.html.erb:17
Started GET "/products" for ::1 at 2021-11-26 06:37:55 +0200
Processing by ProductsController#index as HTML
  Rendering layout layouts/application.html.erb
  Rendering products/index.html.erb within layouts/application
  [1m[36mProduct Load (2.2ms)[0m  [1m[34mSELECT "products".* FROM "products"[0m
  ↳ app/views/products/index.html.erb:17
  Rendered products/index.html.erb within layouts/application (Duration: 13.6ms | Allocations: 2694)
  Rendered layout layouts/application.html.erb (Duration: 16.7ms | Allocations: 2758)
Completed 500 Internal Server Error in 25ms (ActiveRecord: 2.2ms | Allocations: 3945)


  
ActionView::Template::Error (The asset "products/green_grapes.jpg" is not present in the asset pipeline.
):
    16:   <tbody>
    17:     <% @products.each do |product| %>
    18:       <tr>
    19:         <td><%= image_tag "products/#{product.image_url}" %></td>
    20:         <td><span class="product_title"><%= product.title %></span><%= product.description %></td>
    21:         <td><%= product.price %></td>
    22:         
  
app/views/products/index.html.erb:19
app/views/products/index.html.erb:17
Started GET "/products" for ::1 at 2021-11-26 06:39:28 +0200
Processing by ProductsController#index as HTML
  Rendering layout layouts/application.html.erb
  Rendering products/index.html.erb within layouts/application
  [1m[36mProduct Load (2.2ms)[0m  [1m[34mSELECT "products".* FROM "products"[0m
  ↳ app/views/products/index.html.erb:17
  Rendered products/index.html.erb within layouts/application (Duration: 648.3ms | Allocations: 16592)
[Webpacker] Everything's up-to-date. Nothing to do
  Rendered layout layouts/application.html.erb (Duration: 660.6ms | Allocations: 19841)
Completed 200 OK in 663ms (Views: 659.5ms | ActiveRecord: 2.2ms | Allocations: 20242)


Started GET "/products/1" for ::1 at 2021-11-26 06:41:15 +0200
Processing by ProductsController#show as HTML
  Parameters: {"id"=>"1"}
  [1m[36mProduct Load (1.8ms)[0m  [1m[34mSELECT "products".* FROM "products" WHERE "products"."id" = $1 LIMIT $2[0m  [["id", 1], ["LIMIT", 1]]
  ↳ app/controllers/products_controller.rb:61:in `set_product'
  Rendering layout layouts/application.html.erb
  Rendering products/show.html.erb within layouts/application
  Rendered products/show.html.erb within layouts/application (Duration: 15.1ms | Allocations: 1049)
[Webpacker] Everything's up-to-date. Nothing to do
  Rendered layout layouts/application.html.erb (Duration: 24.9ms | Allocations: 4101)
Completed 200 OK in 36ms (Views: 27.1ms | ActiveRecord: 1.8ms | Allocations: 5331)


Started GET "/products" for ::1 at 2021-11-26 06:41:21 +0200
Processing by ProductsController#index as HTML
  Rendering layout layouts/application.html.erb
  Rendering products/index.html.erb within layouts/application
  [1m[36mProduct Load (1.9ms)[0m  [1m[34mSELECT "products".* FROM "products"[0m
  ↳ app/views/products/index.html.erb:17
  Rendered products/index.html.erb within layouts/application (Duration: 10.1ms | Allocations: 2075)
[Webpacker] Everything's up-to-date. Nothing to do
  Rendered layout layouts/application.html.erb (Duration: 25.5ms | Allocations: 5059)
Completed 200 OK in 27ms (Views: 24.6ms | ActiveRecord: 1.9ms | Allocations: 5454)


Started GET "/products" for ::1 at 2021-11-26 06:43:40 +0200
Processing by ProductsController#index as HTML
  Rendering layout layouts/application.html.erb
  Rendering products/index.html.erb within layouts/application
  [1m[36mProduct Load (1.9ms)[0m  [1m[34mSELECT "products".* FROM "products"[0m
  ↳ app/views/products/index.html.erb:17
  Rendered products/index.html.erb within layouts/application (Duration: 38.9ms | Allocations: 6189)
[Webpacker] Everything's up-to-date. Nothing to do
  Rendered layout layouts/application.html.erb (Duration: 48.4ms | Allocations: 9384)
Completed 200 OK in 78ms (Views: 36.4ms | ActiveRecord: 16.5ms | Allocations: 10830)


Started GET "/products" for ::1 at 2021-11-26 06:45:56 +0200
Processing by ProductsController#index as HTML
  Rendering layout layouts/application.html.erb
  Rendering products/index.html.erb within layouts/application
  [1m[36mProduct Load (2.2ms)[0m  [1m[34mSELECT "products".* FROM "products"[0m
  ↳ app/views/products/index.html.erb:17
  Rendered products/index.html.erb within layouts/application (Duration: 61.6ms | Allocations: 5604)
[Webpacker] Everything's up-to-date. Nothing to do
  Rendered layout layouts/application.html.erb (Duration: 68.8ms | Allocations: 8570)
Completed 200 OK in 73ms (Views: 56.4ms | ActiveRecord: 13.9ms | Allocations: 9373)


Started GET "/products" for ::1 at 2021-11-26 06:47:27 +0200
Processing by ProductsController#index as HTML
  Rendering layout layouts/application.html.erb
  Rendering products/index.html.erb within layouts/application
  [1m[36mProduct Load (2.0ms)[0m  [1m[34mSELECT "products".* FROM "products"[0m
  ↳ app/views/products/index.html.erb:17
  Rendered products/index.html.erb within layouts/application (Duration: 163.3ms | Allocations: 7353)
[Webpacker] Everything's up-to-date. Nothing to do
  Rendered layout layouts/application.html.erb (Duration: 172.6ms | Allocations: 10331)
Completed 200 OK in 182ms (Views: 163.1ms | ActiveRecord: 14.5ms | Allocations: 11138)


Started GET "/products/1/edit" for ::1 at 2021-11-26 06:47:50 +0200
Processing by ProductsController#edit as HTML
  Parameters: {"id"=>"1"}
  [1m[36mProduct Load (2.1ms)[0m  [1m[34mSELECT "products".* FROM "products" WHERE "products"."id" = $1 LIMIT $2[0m  [["id", 1], ["LIMIT", 1]]
  ↳ app/controllers/products_controller.rb:61:in `set_product'
  Rendering layout layouts/application.html.erb
  Rendering products/edit.html.erb within layouts/application
  Rendered products/_form.html.erb (Duration: 5.2ms | Allocations: 1531)
  Rendered products/edit.html.erb within layouts/application (Duration: 70.5ms | Allocations: 1919)
[Webpacker] Everything's up-to-date. Nothing to do
  Rendered layout layouts/application.html.erb (Duration: 85.2ms | Allocations: 4978)
Completed 200 OK in 97ms (Views: 87.2ms | ActiveRecord: 2.1ms | Allocations: 6308)


Started GET "/products/1/edit" for ::1 at 2021-11-26 06:48:12 +0200
Processing by ProductsController#edit as HTML
  Parameters: {"id"=>"1"}
  [1m[36mProduct Load (2.3ms)[0m  [1m[34mSELECT "products".* FROM "products" WHERE "products"."id" = $1 LIMIT $2[0m  [["id", 1], ["LIMIT", 1]]
  ↳ app/controllers/products_controller.rb:61:in `set_product'
  Rendering layout layouts/application.html.erb
  Rendering products/edit.html.erb within layouts/application
  Rendered products/_form.html.erb (Duration: 11.9ms | Allocations: 1082)
  Rendered products/edit.html.erb within layouts/application (Duration: 13.3ms | Allocations: 1213)
[Webpacker] Everything's up-to-date. Nothing to do
  Rendered layout layouts/application.html.erb (Duration: 24.1ms | Allocations: 4271)
Completed 200 OK in 32ms (Views: 25.0ms | ActiveRecord: 2.3ms | Allocations: 5353)


Started GET "/products" for ::1 at 2021-11-26 06:48:15 +0200
Processing by ProductsController#index as HTML
  Rendering layout layouts/application.html.erb
  Rendering products/index.html.erb within layouts/application
  [1m[36mProduct Load (1.7ms)[0m  [1m[34mSELECT "products".* FROM "products"[0m
  ↳ app/views/products/index.html.erb:17
  Rendered products/index.html.erb within layouts/application (Duration: 17.7ms | Allocations: 2961)
[Webpacker] Everything's up-to-date. Nothing to do
  Rendered layout layouts/application.html.erb (Duration: 26.5ms | Allocations: 5945)
Completed 200 OK in 29ms (Views: 26.2ms | ActiveRecord: 1.7ms | Allocations: 6339)


Started GET "/products/1" for ::1 at 2021-11-26 06:48:33 +0200
Processing by ProductsController#show as HTML
  Parameters: {"id"=>"1"}
  [1m[36mProduct Load (1.6ms)[0m  [1m[34mSELECT "products".* FROM "products" WHERE "products"."id" = $1 LIMIT $2[0m  [["id", 1], ["LIMIT", 1]]
  ↳ app/controllers/products_controller.rb:61:in `set_product'
  Rendering layout layouts/application.html.erb
  Rendering products/show.html.erb within layouts/application
  Rendered products/show.html.erb within layouts/application (Duration: 1.2ms | Allocations: 309)
[Webpacker] Everything's up-to-date. Nothing to do
  Rendered layout layouts/application.html.erb (Duration: 12.9ms | Allocations: 4061)
Completed 200 OK in 20ms (Views: 13.8ms | ActiveRecord: 1.6ms | Allocations: 5274)


Started GET "/products" for ::1 at 2021-11-26 06:48:36 +0200
Processing by ProductsController#index as HTML
  Rendering layout layouts/application.html.erb
  Rendering products/index.html.erb within layouts/application
  [1m[36mProduct Load (3.0ms)[0m  [1m[34mSELECT "products".* FROM "products"[0m
  ↳ app/views/products/index.html.erb:17
  Rendered products/index.html.erb within layouts/application (Duration: 18.0ms | Allocations: 2266)
[Webpacker] Everything's up-to-date. Nothing to do
  Rendered layout layouts/application.html.erb (Duration: 37.2ms | Allocations: 5250)
Completed 200 OK in 43ms (Views: 39.3ms | ActiveRecord: 3.0ms | Allocations: 6213)


Started GET "/products" for ::1 at 2021-11-26 06:53:22 +0200
Processing by ProductsController#index as HTML
  Rendering layout layouts/application.html.erb
  Rendering products/index.html.erb within layouts/application
  [1m[36mProduct Load (1.9ms)[0m  [1m[34mSELECT "products".* FROM "products"[0m
  ↳ app/views/products/index.html.erb:17
  Rendered products/index.html.erb within layouts/application (Duration: 19.1ms | Allocations: 2591)
[Webpacker] Everything's up-to-date. Nothing to do
  Rendered layout layouts/application.html.erb (Duration: 27.8ms | Allocations: 5806)
Completed 200 OK in 35ms (Views: 30.9ms | ActiveRecord: 1.9ms | Allocations: 6913)


Started GET "/products/1" for ::1 at 2021-11-26 06:53:34 +0200
Processing by ProductsController#show as HTML
  Parameters: {"id"=>"1"}
  [1m[36mProduct Load (1.5ms)[0m  [1m[34mSELECT "products".* FROM "products" WHERE "products"."id" = $1 LIMIT $2[0m  [["id", 1], ["LIMIT", 1]]
  ↳ app/controllers/products_controller.rb:61:in `set_product'
  Rendering layout layouts/application.html.erb
  Rendering products/show.html.erb within layouts/application
  Rendered products/show.html.erb within layouts/application (Duration: 1.3ms | Allocations: 309)
[Webpacker] Everything's up-to-date. Nothing to do
  Rendered layout layouts/application.html.erb (Duration: 13.5ms | Allocations: 3577)
Completed 200 OK in 25ms (Views: 16.4ms | ActiveRecord: 1.5ms | Allocations: 5375)


Started GET "/products" for ::1 at 2021-11-26 06:53:36 +0200
Processing by ProductsController#index as HTML
  Rendering layout layouts/application.html.erb
  Rendering products/index.html.erb within layouts/application
  [1m[36mProduct Load (2.7ms)[0m  [1m[34mSELECT "products".* FROM "products"[0m
  ↳ app/views/products/index.html.erb:17
  Rendered products/index.html.erb within layouts/application (Duration: 16.5ms | Allocations: 2507)
[Webpacker] Everything's up-to-date. Nothing to do
  Rendered layout layouts/application.html.erb (Duration: 28.8ms | Allocations: 5494)
Completed 200 OK in 34ms (Views: 29.1ms | ActiveRecord: 2.7ms | Allocations: 6017)


Started GET "/products" for ::1 at 2021-11-26 06:54:26 +0200
Processing by ProductsController#index as HTML
  Rendering layout layouts/application.html.erb
  Rendering products/index.html.erb within layouts/application
  [1m[36mProduct Load (3.0ms)[0m  [1m[34mSELECT "products".* FROM "products"[0m
  ↳ app/views/products/index.html.erb:17
  Rendered products/index.html.erb within layouts/application (Duration: 13.2ms | Allocations: 2520)
[Webpacker] Everything's up-to-date. Nothing to do
  Rendered layout layouts/application.html.erb (Duration: 27.1ms | Allocations: 5735)
Completed 200 OK in 45ms (Views: 31.9ms | ActiveRecord: 3.0ms | Allocations: 6842)


Started GET "/products/1" for ::1 at 2021-11-26 06:55:50 +0200
Processing by ProductsController#show as HTML
  Parameters: {"id"=>"1"}
  [1m[36mProduct Load (1.6ms)[0m  [1m[34mSELECT "products".* FROM "products" WHERE "products"."id" = $1 LIMIT $2[0m  [["id", 1], ["LIMIT", 1]]
  ↳ app/controllers/products_controller.rb:61:in `set_product'
  Rendering layout layouts/application.html.erb
  Rendering products/show.html.erb within layouts/application
  Rendered products/show.html.erb within layouts/application (Duration: 1.6ms | Allocations: 310)
[Webpacker] Everything's up-to-date. Nothing to do
  Rendered layout layouts/application.html.erb (Duration: 9.8ms | Allocations: 3591)
Completed 200 OK in 23ms (Views: 16.2ms | ActiveRecord: 1.6ms | Allocations: 5391)


Started GET "/products/1" for ::1 at 2021-11-26 06:55:54 +0200
Processing by ProductsController#show as HTML
  Parameters: {"id"=>"1"}
  [1m[36mProduct Load (0.8ms)[0m  [1m[34mSELECT "products".* FROM "products" WHERE "products"."id" = $1 LIMIT $2[0m  [["id", 1], ["LIMIT", 1]]
  ↳ app/controllers/products_controller.rb:61:in `set_product'
  Rendering layout layouts/application.html.erb
  Rendering products/show.html.erb within layouts/application
  Rendered products/show.html.erb within layouts/application (Duration: 0.6ms | Allocations: 116)
[Webpacker] Everything's up-to-date. Nothing to do
  Rendered layout layouts/application.html.erb (Duration: 10.7ms | Allocations: 3165)
Completed 200 OK in 16ms (Views: 11.6ms | ActiveRecord: 0.8ms | Allocations: 4247)


Started GET "/products/1" for ::1 at 2021-11-26 06:56:52 +0200
Processing by ProductsController#show as HTML
  Parameters: {"id"=>"1"}
  [1m[36mProduct Load (1.5ms)[0m  [1m[34mSELECT "products".* FROM "products" WHERE "products"."id" = $1 LIMIT $2[0m  [["id", 1], ["LIMIT", 1]]
  ↳ app/controllers/products_controller.rb:61:in `set_product'
  Rendering layout layouts/application.html.erb
  Rendering products/show.html.erb within layouts/application
  Rendered products/show.html.erb within layouts/application (Duration: 20.8ms | Allocations: 4399)
  Rendered layout layouts/application.html.erb (Duration: 21.4ms | Allocations: 4464)
Completed 500 Internal Server Error in 45ms (ActiveRecord: 1.5ms | Allocations: 6228)


  
ActionView::Template::Error (undefined local variable or method `product' for #<ActionView::Base:0x0000000000f5f0>
Did you mean?  @product):
    21: </p>
    22: 
    23: <%= link_to 'Edit', edit_product_path(@product) %> |
    24: <%= link_to 'Destroy', product, method: :delete, data: { confirm: 'Are you sure?' } %> |
    25: <%= link_to 'Back', products_path %>
  
app/views/products/show.html.erb:24
Started GET "/products/1" for ::1 at 2021-11-26 06:57:20 +0200
Processing by ProductsController#show as HTML
  Parameters: {"id"=>"1"}
  [1m[36mProduct Load (1.4ms)[0m  [1m[34mSELECT "products".* FROM "products" WHERE "products"."id" = $1 LIMIT $2[0m  [["id", 1], ["LIMIT", 1]]
  ↳ app/controllers/products_controller.rb:61:in `set_product'
  Rendering layout layouts/application.html.erb
  Rendering products/show.html.erb within layouts/application
  Rendered products/show.html.erb within layouts/application (Duration: 1.9ms | Allocations: 309)
[Webpacker] Everything's up-to-date. Nothing to do
  Rendered layout layouts/application.html.erb (Duration: 14.5ms | Allocations: 3590)
Completed 200 OK in 33ms (Views: 21.1ms | ActiveRecord: 1.4ms | Allocations: 5385)


Started GET "/products" for ::1 at 2021-11-26 06:57:24 +0200
Processing by ProductsController#index as HTML
  Rendering layout layouts/application.html.erb
  Rendering products/index.html.erb within layouts/application
  [1m[36mProduct Load (4.1ms)[0m  [1m[34mSELECT "products".* FROM "products"[0m
  ↳ app/views/products/index.html.erb:17
  Rendered products/index.html.erb within layouts/application (Duration: 13.8ms | Allocations: 2358)
[Webpacker] Everything's up-to-date. Nothing to do
  Rendered layout layouts/application.html.erb (Duration: 23.3ms | Allocations: 5345)
Completed 200 OK in 25ms (Views: 20.0ms | ActiveRecord: 4.1ms | Allocations: 5869)


Started GET "/products/1" for ::1 at 2021-11-26 06:57:27 +0200
Processing by ProductsController#show as HTML
  Parameters: {"id"=>"1"}
  [1m[36mProduct Load (4.9ms)[0m  [1m[34mSELECT "products".* FROM "products" WHERE "products"."id" = $1 LIMIT $2[0m  [["id", 1], ["LIMIT", 1]]
  ↳ app/controllers/products_controller.rb:61:in `set_product'
  Rendering layout layouts/application.html.erb
  Rendering products/show.html.erb within layouts/application
  Rendered products/show.html.erb within layouts/application (Duration: 0.6ms | Allocations: 111)
[Webpacker] Everything's up-to-date. Nothing to do
  Rendered layout layouts/application.html.erb (Duration: 11.7ms | Allocations: 3160)
Completed 200 OK in 27ms (Views: 15.0ms | ActiveRecord: 4.9ms | Allocations: 4245)


Started GET "/products/1/edit" for ::1 at 2021-11-26 06:57:29 +0200
Processing by ProductsController#edit as HTML
  Parameters: {"id"=>"1"}
  [1m[36mProduct Load (1.5ms)[0m  [1m[34mSELECT "products".* FROM "products" WHERE "products"."id" = $1 LIMIT $2[0m  [["id", 1], ["LIMIT", 1]]
  ↳ app/controllers/products_controller.rb:61:in `set_product'
  Rendering layout layouts/application.html.erb
  Rendering products/edit.html.erb within layouts/application
  Rendered products/_form.html.erb (Duration: 4.1ms | Allocations: 1449)
  Rendered products/edit.html.erb within layouts/application (Duration: 23.8ms | Allocations: 5930)
  Rendered layout layouts/application.html.erb (Duration: 25.7ms | Allocations: 6541)
Completed 500 Internal Server Error in 36ms (ActiveRecord: 1.5ms | Allocations: 7789)


  
ActionView::Template::Error (undefined local variable or method `product' for #<ActionView::Base:0x0000000000fb68>
Did you mean?  @product):
    2: 
    3: <%= render 'form', product: @product %>
    4:   
    5:         <%= link_to 'Edit', edit_product_path(product) %>
    6:         <%= link_to 'Destroy', product, method: :delete, data: { confirm: 'Are you sure?' } %>
    7:       
    8: <%= link_to 'Show', @product %> |
  
app/views/products/edit.html.erb:5
Started GET "/products/1/edit" for ::1 at 2021-11-26 06:57:44 +0200
Processing by ProductsController#edit as HTML
  Parameters: {"id"=>"1"}
  [1m[36mProduct Load (1.4ms)[0m  [1m[34mSELECT "products".* FROM "products" WHERE "products"."id" = $1 LIMIT $2[0m  [["id", 1], ["LIMIT", 1]]
  ↳ app/controllers/products_controller.rb:61:in `set_product'
  Rendering layout layouts/application.html.erb
  Rendering products/edit.html.erb within layouts/application
  Rendered products/_form.html.erb (Duration: 9.7ms | Allocations: 1449)
  Rendered products/edit.html.erb within layouts/application (Duration: 30.5ms | Allocations: 5898)
  Rendered layout layouts/application.html.erb (Duration: 31.1ms | Allocations: 5962)
Completed 500 Internal Server Error in 41ms (ActiveRecord: 1.4ms | Allocations: 7726)


  
ActionView::Template::Error (undefined local variable or method `product' for #<ActionView::Base:0x0000000000ffc8>
Did you mean?  @product):
    2: 
    3: <%= render 'form', product: @product %>
    4: 
    5:         <%= link_to 'Destroy', product, method: :delete, data: { confirm: 'Are you sure?' } %>
    6:       
    7: <%= link_to 'Show', @product %> |
    8: <%= link_to 'Back', products_path %>
  
app/views/products/edit.html.erb:5
Started GET "/products/1/edit" for ::1 at 2021-11-26 06:57:57 +0200
Processing by ProductsController#edit as HTML
  Parameters: {"id"=>"1"}
  [1m[36mProduct Load (1.5ms)[0m  [1m[34mSELECT "products".* FROM "products" WHERE "products"."id" = $1 LIMIT $2[0m  [["id", 1], ["LIMIT", 1]]
  ↳ app/controllers/products_controller.rb:61:in `set_product'
  Rendering layout layouts/application.html.erb
  Rendering products/edit.html.erb within layouts/application
  Rendered products/_form.html.erb (Duration: 5.3ms | Allocations: 1449)
  Rendered products/edit.html.erb within layouts/application (Duration: 8.6ms | Allocations: 1892)
[Webpacker] Everything's up-to-date. Nothing to do
  Rendered layout layouts/application.html.erb (Duration: 20.2ms | Allocations: 5182)
Completed 200 OK in 32ms (Views: 23.1ms | ActiveRecord: 1.5ms | Allocations: 6974)


Started GET "/products/1/edit" for ::1 at 2021-11-26 06:58:32 +0200
Processing by ProductsController#edit as HTML
  Parameters: {"id"=>"1"}
  [1m[36mProduct Load (1.5ms)[0m  [1m[34mSELECT "products".* FROM "products" WHERE "products"."id" = $1 LIMIT $2[0m  [["id", 1], ["LIMIT", 1]]
  ↳ app/controllers/products_controller.rb:61:in `set_product'
  Rendering layout layouts/application.html.erb
  Rendering products/edit.html.erb within layouts/application
  Rendered products/_form.html.erb (Duration: 5.2ms | Allocations: 1449)
  Rendered products/edit.html.erb within layouts/application (Duration: 10.1ms | Allocations: 1888)
[Webpacker] Everything's up-to-date. Nothing to do
  Rendered layout layouts/application.html.erb (Duration: 31.3ms | Allocations: 5165)
Completed 200 OK in 44ms (Views: 35.2ms | ActiveRecord: 1.5ms | Allocations: 6954)


Started GET "/products" for ::1 at 2021-11-26 06:58:39 +0200
Processing by ProductsController#index as HTML
  Rendering layout layouts/application.html.erb
  Rendering products/index.html.erb within layouts/application
  [1m[36mProduct Load (2.0ms)[0m  [1m[34mSELECT "products".* FROM "products"[0m
  ↳ app/views/products/index.html.erb:17
  Rendered products/index.html.erb within layouts/application (Duration: 14.5ms | Allocations: 2361)
[Webpacker] Everything's up-to-date. Nothing to do
  Rendered layout layouts/application.html.erb (Duration: 24.6ms | Allocations: 5353)
Completed 200 OK in 28ms (Views: 24.5ms | ActiveRecord: 2.0ms | Allocations: 5877)


Started GET "/products/new" for ::1 at 2021-11-26 06:59:42 +0200
Processing by ProductsController#new as HTML
  Rendering layout layouts/application.html.erb
  Rendering products/new.html.erb within layouts/application
  Rendered products/_form.html.erb (Duration: 4.2ms | Allocations: 1049)
  Rendered products/new.html.erb within layouts/application (Duration: 5.5ms | Allocations: 1263)
[Webpacker] Everything's up-to-date. Nothing to do
  Rendered layout layouts/application.html.erb (Duration: 15.2ms | Allocations: 4322)
Completed 200 OK in 22ms (Views: 20.4ms | ActiveRecord: 0.0ms | Allocations: 5558)


Started GET "/products/new" for ::1 at 2021-11-26 07:00:20 +0200
Processing by ProductsController#new as HTML
  Rendering layout layouts/application.html.erb
  Rendering products/new.html.erb within layouts/application
  Rendered products/_form.html.erb (Duration: 5.2ms | Allocations: 1406)
  Rendered products/new.html.erb within layouts/application (Duration: 7.0ms | Allocations: 1745)
[Webpacker] Everything's up-to-date. Nothing to do
  Rendered layout layouts/application.html.erb (Duration: 24.2ms | Allocations: 5028)
Completed 200 OK in 34ms (Views: 31.5ms | ActiveRecord: 0.0ms | Allocations: 6133)


Started GET "/products/new" for ::1 at 2021-11-26 07:01:24 +0200
Processing by ProductsController#new as HTML
  Rendering layout layouts/application.html.erb
  Rendering products/new.html.erb within layouts/application
  Rendered products/_form.html.erb (Duration: 2.3ms | Allocations: 1879)
  Rendered products/new.html.erb within layouts/application (Duration: 3.7ms | Allocations: 2201)
  Rendered layout layouts/application.html.erb (Duration: 4.0ms | Allocations: 2265)
Completed 500 Internal Server Error in 13ms (ActiveRecord: 0.0ms | Allocations: 3342)


  
ActionView::Template::Error (no implicit conversion of String into Hash):
    18: 
    19:   <div class="field">
    20:     <%= form.label :price %>
    21:     <%= form.text_field :price, "Price (like 2.99)" %>
    22:   </div>
    23: 
    24:   <div class="field">
  
app/views/products/_form.html.erb:21
app/views/products/_form.html.erb:1
app/views/products/new.html.erb:3
Started GET "/products/new" for ::1 at 2021-11-26 07:01:50 +0200
Processing by ProductsController#new as HTML
  Rendering layout layouts/application.html.erb
  Rendering products/new.html.erb within layouts/application
  Rendered products/_form.html.erb (Duration: 9.8ms | Allocations: 1306)
  Rendered products/new.html.erb within layouts/application (Duration: 12.6ms | Allocations: 1645)
[Webpacker] Everything's up-to-date. Nothing to do
  Rendered layout layouts/application.html.erb (Duration: 28.5ms | Allocations: 4935)
Completed 200 OK in 33ms (Views: 31.5ms | ActiveRecord: 0.0ms | Allocations: 6042)


Started POST "/products" for ::1 at 2021-11-26 07:02:38 +0200
Processing by ProductsController#create as HTML
  Parameters: {"authenticity_token"=>"[FILTERED]", "product"=>{"title"=>"Oranges", "price"=>"2.99", "description"=>"Bag of 6 Valencia oranges.", "image_url"=>"oranges.jpg"}, "commit"=>"Create Product"}
  [1m[36mTRANSACTION (1.7ms)[0m  [1m[35mBEGIN[0m
  ↳ app/controllers/products_controller.rb:25:in `block in create'
  [1m[36mProduct Create (40.1ms)[0m  [1m[32mINSERT INTO "products" ("title", "price", "description", "image_url", "created_at", "updated_at") VALUES ($1, $2, $3, $4, $5, $6) RETURNING "id"[0m  [["title", "Oranges"], ["price", "2.99"], ["description", "Bag of 6 Valencia oranges."], ["image_url", "oranges.jpg"], ["created_at", "2021-11-26 05:02:38.136459"], ["updated_at", "2021-11-26 05:02:38.136459"]]
  ↳ app/controllers/products_controller.rb:25:in `block in create'
  [1m[36mTRANSACTION (105.1ms)[0m  [1m[35mCOMMIT[0m
  ↳ app/controllers/products_controller.rb:25:in `block in create'
Redirected to http://localhost:3000/products/3
Completed 302 Found in 161ms (ActiveRecord: 146.9ms | Allocations: 2839)


Started GET "/products/3" for ::1 at 2021-11-26 07:02:38 +0200
Processing by ProductsController#show as HTML
  Parameters: {"id"=>"3"}
  [1m[36mProduct Load (1.6ms)[0m  [1m[34mSELECT "products".* FROM "products" WHERE "products"."id" = $1 LIMIT $2[0m  [["id", 3], ["LIMIT", 1]]
  ↳ app/controllers/products_controller.rb:61:in `set_product'
  Rendering layout layouts/application.html.erb
  Rendering products/show.html.erb within layouts/application
  Rendered products/show.html.erb within layouts/application (Duration: 1.6ms | Allocations: 311)
[Webpacker] Everything's up-to-date. Nothing to do
  Rendered layout layouts/application.html.erb (Duration: 11.4ms | Allocations: 3367)
Completed 200 OK in 22ms (Views: 13.1ms | ActiveRecord: 1.6ms | Allocations: 4587)


Started GET "/products" for ::1 at 2021-11-26 07:02:56 +0200
Processing by ProductsController#index as HTML
  Rendering layout layouts/application.html.erb
  Rendering products/index.html.erb within layouts/application
  [1m[36mProduct Load (2.3ms)[0m  [1m[34mSELECT "products".* FROM "products"[0m
  ↳ app/views/products/index.html.erb:17
  Rendered products/index.html.erb within layouts/application (Duration: 13.8ms | Allocations: 2921)
[Webpacker] Everything's up-to-date. Nothing to do
  Rendered layout layouts/application.html.erb (Duration: 25.3ms | Allocations: 6613)
Completed 200 OK in 28ms (Views: 23.9ms | ActiveRecord: 2.3ms | Allocations: 7137)


Started GET "/products/3" for ::1 at 2021-11-26 07:06:02 +0200
Processing by ProductsController#show as HTML
  Parameters: {"id"=>"3"}
  [1m[36mProduct Load (2.6ms)[0m  [1m[34mSELECT "products".* FROM "products" WHERE "products"."id" = $1 LIMIT $2[0m  [["id", 3], ["LIMIT", 1]]
  ↳ app/controllers/products_controller.rb:61:in `set_product'
  Rendering layout layouts/application.html.erb
  Rendering products/show.html.erb within layouts/application
  Rendered products/show.html.erb within layouts/application (Duration: 0.6ms | Allocations: 122)
[Webpacker] Everything's up-to-date. Nothing to do
  Rendered layout layouts/application.html.erb (Duration: 8.9ms | Allocations: 3166)
Completed 200 OK in 76ms (Views: 10.3ms | ActiveRecord: 14.1ms | Allocations: 8198)


Started GET "/products/3/edit" for ::1 at 2021-11-26 07:06:05 +0200
Processing by ProductsController#edit as HTML
  Parameters: {"id"=>"3"}
  [1m[36mProduct Load (1.7ms)[0m  [1m[34mSELECT "products".* FROM "products" WHERE "products"."id" = $1 LIMIT $2[0m  [["id", 3], ["LIMIT", 1]]
  ↳ app/controllers/products_controller.rb:61:in `set_product'
  Rendering layout layouts/application.html.erb
  Rendering products/edit.html.erb within layouts/application
  Rendered products/_form.html.erb (Duration: 4.1ms | Allocations: 1042)
  Rendered products/edit.html.erb within layouts/application (Duration: 6.6ms | Allocations: 1359)
[Webpacker] Everything's up-to-date. Nothing to do
  Rendered layout layouts/application.html.erb (Duration: 16.3ms | Allocations: 4418)
Completed 200 OK in 25ms (Views: 18.1ms | ActiveRecord: 1.7ms | Allocations: 5628)


Started DELETE "/products/3" for ::1 at 2021-11-26 07:06:09 +0200
Processing by ProductsController#destroy as HTML
  Parameters: {"authenticity_token"=>"[FILTERED]", "id"=>"3"}
  [1m[36mProduct Load (1.8ms)[0m  [1m[34mSELECT "products".* FROM "products" WHERE "products"."id" = $1 LIMIT $2[0m  [["id", 3], ["LIMIT", 1]]
  ↳ app/controllers/products_controller.rb:61:in `set_product'
  [1m[36mTRANSACTION (1.6ms)[0m  [1m[35mBEGIN[0m
  ↳ app/controllers/products_controller.rb:50:in `destroy'
  [1m[36mProduct Destroy (1.4ms)[0m  [1m[31mDELETE FROM "products" WHERE "products"."id" = $1[0m  [["id", 3]]
  ↳ app/controllers/products_controller.rb:50:in `destroy'
  [1m[36mTRANSACTION (24.1ms)[0m  [1m[35mCOMMIT[0m
  ↳ app/controllers/products_controller.rb:50:in `destroy'
Redirected to http://localhost:3000/products
Completed 302 Found in 159ms (ActiveRecord: 28.9ms | Allocations: 2780)


Started GET "/products" for ::1 at 2021-11-26 07:06:10 +0200
Processing by ProductsController#index as HTML
  Rendering layout layouts/application.html.erb
  Rendering products/index.html.erb within layouts/application
  [1m[36mProduct Load (2.7ms)[0m  [1m[34mSELECT "products".* FROM "products"[0m
  ↳ app/views/products/index.html.erb:17
  Rendered products/index.html.erb within layouts/application (Duration: 13.5ms | Allocations: 2140)
[Webpacker] Everything's up-to-date. Nothing to do
  Rendered layout layouts/application.html.erb (Duration: 22.1ms | Allocations: 5125)
Completed 200 OK in 24ms (Views: 20.4ms | ActiveRecord: 2.7ms | Allocations: 5526)


Started GET "/products/new" for ::1 at 2021-11-26 07:06:21 +0200
Processing by ProductsController#new as HTML
  Rendering layout layouts/application.html.erb
  Rendering products/new.html.erb within layouts/application
  Rendered products/_form.html.erb (Duration: 3.4ms | Allocations: 938)
  Rendered products/new.html.erb within layouts/application (Duration: 4.1ms | Allocations: 1043)
[Webpacker] Everything's up-to-date. Nothing to do
  Rendered layout layouts/application.html.erb (Duration: 12.8ms | Allocations: 4101)
Completed 200 OK in 15ms (Views: 13.7ms | ActiveRecord: 0.0ms | Allocations: 4498)


Started POST "/products" for ::1 at 2021-11-26 07:06:57 +0200
Processing by ProductsController#create as HTML
  Parameters: {"authenticity_token"=>"[FILTERED]", "product"=>{"title"=>"Oranges", "price"=>"2.99", "description"=>"Bag of 6 Valencia oranges.", "image_url"=>"oranges.jpg"}, "commit"=>"Create Product"}
  [1m[36mTRANSACTION (1.6ms)[0m  [1m[35mBEGIN[0m
  ↳ app/controllers/products_controller.rb:25:in `block in create'
  [1m[36mProduct Create (2.2ms)[0m  [1m[32mINSERT INTO "products" ("title", "price", "description", "image_url", "created_at", "updated_at") VALUES ($1, $2, $3, $4, $5, $6) RETURNING "id"[0m  [["title", "Oranges"], ["price", "2.99"], ["description", "Bag of 6 Valencia oranges."], ["image_url", "oranges.jpg"], ["created_at", "2021-11-26 05:06:57.061777"], ["updated_at", "2021-11-26 05:06:57.061777"]]
  ↳ app/controllers/products_controller.rb:25:in `block in create'
  [1m[36mTRANSACTION (97.7ms)[0m  [1m[35mCOMMIT[0m
  ↳ app/controllers/products_controller.rb:25:in `block in create'
Redirected to http://localhost:3000/products/4
Completed 302 Found in 120ms (ActiveRecord: 101.6ms | Allocations: 2800)


Started GET "/products/4" for ::1 at 2021-11-26 07:06:57 +0200
Processing by ProductsController#show as HTML
  Parameters: {"id"=>"4"}
  [1m[36mProduct Load (1.3ms)[0m  [1m[34mSELECT "products".* FROM "products" WHERE "products"."id" = $1 LIMIT $2[0m  [["id", 4], ["LIMIT", 1]]
  ↳ app/controllers/products_controller.rb:61:in `set_product'
  Rendering layout layouts/application.html.erb
  Rendering products/show.html.erb within layouts/application
  Rendered products/show.html.erb within layouts/application (Duration: 0.6ms | Allocations: 112)
[Webpacker] Everything's up-to-date. Nothing to do
  Rendered layout layouts/application.html.erb (Duration: 23.4ms | Allocations: 3163)
Completed 200 OK in 32ms (Views: 24.6ms | ActiveRecord: 1.3ms | Allocations: 4253)


Started GET "/products" for ::1 at 2021-11-26 07:07:28 +0200
Processing by ProductsController#index as HTML
  Rendering layout layouts/application.html.erb
  Rendering products/index.html.erb within layouts/application
  [1m[36mProduct Load (1.8ms)[0m  [1m[34mSELECT "products".* FROM "products"[0m
  ↳ app/views/products/index.html.erb:17
  Rendered products/index.html.erb within layouts/application (Duration: 15.9ms | Allocations: 2696)
[Webpacker] Everything's up-to-date. Nothing to do
  Rendered layout layouts/application.html.erb (Duration: 32.5ms | Allocations: 6402)
Completed 200 OK in 34ms (Views: 31.6ms | ActiveRecord: 1.8ms | Allocations: 6796)


